2013-11-02T13:55:37+07:00 NOTICE (5): Undefined index: is_vip
2013-11-02T13:55:37+07:00 NOTICE (5): Undefined index: is_vip
2013-11-02T13:55:37+07:00 NOTICE (5): Undefined index: is_vip
2013-11-02T13:55:37+07:00 NOTICE (5): Undefined index: is_vip
2013-11-02T14:02:43+07:00 NOTICE (5): Undefined index: is_vip
2013-11-02T14:02:43+07:00 NOTICE (5): Undefined index: is_vip
2013-11-02T14:02:43+07:00 NOTICE (5): Undefined index: is_vip
2013-11-02T14:02:43+07:00 NOTICE (5): Undefined index: is_vip
2013-11-02T14:04:48+07:00 NOTICE (5): Undefined index: is_vip
2013-11-02T14:04:48+07:00 NOTICE (5): Undefined index: is_vip
2013-11-02T14:04:48+07:00 NOTICE (5): Undefined index: is_vip
2013-11-02T14:04:48+07:00 NOTICE (5): Undefined index: is_vip
2013-11-02T14:39:09+07:00 NOTICE (5): Undefined index: vip
2013-11-02T14:39:12+07:00 WARN (4): mail() [<a href='function.mail'>function.mail</a>]: Failed to connect to mailserver at &quot;localhost&quot; port 25, verify your &quot;SMTP&quot; and &quot;smtp_port&quot; setting in php.ini or use ini_set()
2013-11-02T14:40:21+07:00 WARN (4): mail() [<a href='function.mail'>function.mail</a>]: Failed to connect to mailserver at &quot;localhost&quot; port 25, verify your &quot;SMTP&quot; and &quot;smtp_port&quot; setting in php.ini or use ini_set()
2013-11-02T14:45:40+07:00 WARN (4): mail() [<a href='function.mail'>function.mail</a>]: Failed to connect to mailserver at &quot;localhost&quot; port 25, verify your &quot;SMTP&quot; and &quot;smtp_port&quot; setting in php.ini or use ini_set()
2013-11-02T14:46:56+07:00 WARN (4): mail() [<a href='function.mail'>function.mail</a>]: Failed to connect to mailserver at &quot;localhost&quot; port 25, verify your &quot;SMTP&quot; and &quot;smtp_port&quot; setting in php.ini or use ini_set()
2013-11-02T14:48:20+07:00 WARN (4): mail() [<a href='function.mail'>function.mail</a>]: Failed to connect to mailserver at &quot;localhost&quot; port 25, verify your &quot;SMTP&quot; and &quot;smtp_port&quot; setting in php.ini or use ini_set()
2013-11-02T23:06:57+07:00 CRIT (2): 
2013-11-02T23:06:57+07:00 CRIT (2): Request Parameters
2013-11-02T23:57:24+07:00 WARN (4): mail(): Failed to connect to mailserver at "localhost" port 25, verify your "SMTP" and "smtp_port" setting in php.ini or use ini_set()
2013-11-18T22:23:41+07:00 WARN (4): mail() [<a href='function.mail'>function.mail</a>]: Failed to connect to mailserver at &quot;localhost&quot; port 25, verify your &quot;SMTP&quot; and &quot;smtp_port&quot; setting in php.ini or use ini_set()
2013-11-18T22:24:14+07:00 WARN (4): mail() [<a href='function.mail'>function.mail</a>]: Failed to connect to mailserver at &quot;localhost&quot; port 25, verify your &quot;SMTP&quot; and &quot;smtp_port&quot; setting in php.ini or use ini_set()
2013-11-20T22:07:19+07:00 CRIT (2): 
2013-11-20T22:07:19+07:00 CRIT (2): Request Parameters
2013-11-20T22:07:34+07:00 CRIT (2): 
2013-11-20T22:07:34+07:00 CRIT (2): Request Parameters
2013-11-20T22:08:15+07:00 CRIT (2): 
2013-11-20T22:08:15+07:00 CRIT (2): Request Parameters
2013-11-20T22:12:19+07:00 WARN (4): mail() [<a href='function.mail'>function.mail</a>]: Failed to connect to mailserver at &quot;localhost&quot; port 25, verify your &quot;SMTP&quot; and &quot;smtp_port&quot; setting in php.ini or use ini_set()
2013-11-20T22:27:53+07:00 WARN (4): mail() [<a href='function.mail'>function.mail</a>]: Failed to connect to mailserver at &quot;localhost&quot; port 25, verify your &quot;SMTP&quot; and &quot;smtp_port&quot; setting in php.ini or use ini_set()
2013-11-30T20:40:05+07:00 NOTICE (5): Undefined index: list_order
2013-11-30T20:40:05+07:00 NOTICE (5): Undefined index: required
2013-11-30T20:40:05+07:00 NOTICE (5): Undefined index: sort_order
2013-11-30T20:40:05+07:00 NOTICE (5): Undefined index: list_order
2013-11-30T20:40:05+07:00 NOTICE (5): Undefined index: required
2013-11-30T20:40:05+07:00 NOTICE (5): Undefined index: sort_order
2013-11-30T20:40:05+07:00 NOTICE (5): Undefined index: list_order
2013-11-30T20:40:05+07:00 NOTICE (5): Undefined index: required
2013-11-30T20:40:05+07:00 NOTICE (5): Undefined index: sort_order
2013-11-30T20:40:05+07:00 NOTICE (5): Undefined index: list_order
2013-11-30T20:40:05+07:00 NOTICE (5): Undefined index: required
2013-11-30T20:40:05+07:00 NOTICE (5): Undefined index: sort_order
2013-11-30T20:40:05+07:00 NOTICE (5): Undefined index: list_order
2013-11-30T20:40:05+07:00 NOTICE (5): Undefined index: required
2013-11-30T20:40:05+07:00 NOTICE (5): Undefined index: sort_order
2013-11-30T20:40:05+07:00 NOTICE (5): Undefined index: list_order
2013-11-30T20:40:05+07:00 NOTICE (5): Undefined index: required
2013-11-30T20:40:05+07:00 NOTICE (5): Undefined index: sort_order
2013-11-30T20:40:05+07:00 NOTICE (5): Undefined index: list_order
2013-11-30T20:40:05+07:00 NOTICE (5): Undefined index: required
2013-11-30T20:40:05+07:00 NOTICE (5): Undefined index: sort_order
2013-11-30T20:43:18+07:00 NOTICE (5): Undefined index: list_order
2013-11-30T20:43:18+07:00 NOTICE (5): Undefined index: required
2013-11-30T20:43:18+07:00 NOTICE (5): Undefined index: sort_order
2013-11-30T20:43:18+07:00 NOTICE (5): Undefined index: list_order
2013-11-30T20:43:18+07:00 NOTICE (5): Undefined index: required
2013-11-30T20:43:18+07:00 NOTICE (5): Undefined index: sort_order
2013-11-30T20:43:18+07:00 NOTICE (5): Undefined index: list_order
2013-11-30T20:43:18+07:00 NOTICE (5): Undefined index: required
2013-11-30T20:43:18+07:00 NOTICE (5): Undefined index: sort_order
2013-11-30T20:43:18+07:00 NOTICE (5): Undefined index: list_order
2013-11-30T20:43:18+07:00 NOTICE (5): Undefined index: required
2013-11-30T20:43:18+07:00 NOTICE (5): Undefined index: sort_order
2013-11-30T20:43:18+07:00 NOTICE (5): Undefined index: list_order
2013-11-30T20:43:18+07:00 NOTICE (5): Undefined index: required
2013-11-30T20:43:18+07:00 NOTICE (5): Undefined index: sort_order
2013-11-30T20:43:18+07:00 NOTICE (5): Undefined index: list_order
2013-11-30T20:43:18+07:00 NOTICE (5): Undefined index: required
2013-11-30T20:43:18+07:00 NOTICE (5): Undefined index: sort_order
2013-11-30T20:43:18+07:00 NOTICE (5): Undefined index: list_order
2013-11-30T20:43:18+07:00 NOTICE (5): Undefined index: required
2013-11-30T20:43:18+07:00 NOTICE (5): Undefined index: sort_order
2013-11-30T20:53:16+07:00 CRIT (2): 
2013-11-30T20:53:16+07:00 CRIT (2): Request Parameters
2013-11-30T21:30:33+07:00 NOTICE (5): Undefined index: organizationList
2013-11-30T21:30:33+07:00 NOTICE (5): Trying to get property of non-object
2013-11-30T21:30:33+07:00 NOTICE (5): Undefined index: organizationList
2013-11-30T21:30:33+07:00 NOTICE (5): Trying to get property of non-object
2013-11-30T21:31:08+07:00 NOTICE (5): Undefined index: organizationId
2013-11-30T21:31:08+07:00 NOTICE (5): Trying to get property of non-object
2013-11-30T21:31:08+07:00 NOTICE (5): Undefined index: organizationId
2013-11-30T21:31:08+07:00 NOTICE (5): Trying to get property of non-object
2013-11-30T21:32:08+07:00 NOTICE (5): Undefined index: organizationId
2013-11-30T21:32:08+07:00 NOTICE (5): Trying to get property of non-object
2013-11-30T21:32:08+07:00 NOTICE (5): Undefined index: organizationId
2013-11-30T21:32:08+07:00 NOTICE (5): Trying to get property of non-object
2013-11-30T21:32:45+07:00 NOTICE (5): Undefined index: organizationId
2013-11-30T21:32:45+07:00 NOTICE (5): Trying to get property of non-object
2013-11-30T21:32:45+07:00 NOTICE (5): Undefined index: organizationId
2013-11-30T21:32:45+07:00 NOTICE (5): Trying to get property of non-object
2013-11-30T21:32:49+07:00 NOTICE (5): Undefined index: organizationId
2013-11-30T21:32:49+07:00 NOTICE (5): Trying to get property of non-object
2013-11-30T21:32:49+07:00 NOTICE (5): Undefined index: organizationId
2013-11-30T21:32:49+07:00 NOTICE (5): Trying to get property of non-object
2013-12-08T21:22:15+07:00 NOTICE (5): Undefined index: is_allow
2013-12-08T21:22:53+07:00 NOTICE (5): Undefined index: is_allow
2013-12-08T21:52:52+07:00 CRIT (2): 
2013-12-08T21:52:52+07:00 CRIT (2): Request Parameters
2013-12-08T21:56:39+07:00 CRIT (2): 
2013-12-08T21:56:39+07:00 CRIT (2): Request Parameters
2013-12-08T22:08:37+07:00 CRIT (2): 
2013-12-08T22:08:37+07:00 CRIT (2): Request Parameters
2013-12-08T22:08:44+07:00 NOTICE (5): Undefined index: task
2013-12-08T22:08:44+07:00 NOTICE (5): Trying to get property of non-object
2013-12-08T22:08:44+07:00 NOTICE (5): Trying to get property of non-object
2013-12-08T22:08:44+07:00 NOTICE (5): Trying to get property of non-object
2013-12-08T22:08:44+07:00 NOTICE (5): Undefined index: task
2013-12-08T22:08:44+07:00 NOTICE (5): Trying to get property of non-object
2013-12-08T22:08:44+07:00 NOTICE (5): Trying to get property of non-object
2013-12-08T22:08:44+07:00 NOTICE (5): Trying to get property of non-object
2013-12-08T22:08:45+07:00 NOTICE (5): Undefined index: task
2013-12-08T22:08:45+07:00 NOTICE (5): Trying to get property of non-object
2013-12-08T22:08:45+07:00 NOTICE (5): Trying to get property of non-object
2013-12-08T22:08:45+07:00 NOTICE (5): Trying to get property of non-object
2013-12-08T22:08:45+07:00 NOTICE (5): Undefined index: task
2013-12-08T22:08:45+07:00 NOTICE (5): Trying to get property of non-object
2013-12-08T22:08:45+07:00 NOTICE (5): Trying to get property of non-object
2013-12-08T22:08:45+07:00 NOTICE (5): Trying to get property of non-object
2013-12-08T22:16:45+07:00 NOTICE (5): Undefined index: task
2013-12-08T22:16:45+07:00 NOTICE (5): Trying to get property of non-object
2013-12-08T22:16:45+07:00 NOTICE (5): Trying to get property of non-object
2013-12-08T22:16:45+07:00 NOTICE (5): Trying to get property of non-object
2013-12-08T22:16:45+07:00 NOTICE (5): Undefined index: task
2013-12-08T22:16:45+07:00 NOTICE (5): Trying to get property of non-object
2013-12-08T22:16:45+07:00 NOTICE (5): Trying to get property of non-object
2013-12-08T22:16:45+07:00 NOTICE (5): Trying to get property of non-object
2013-12-08T22:16:45+07:00 NOTICE (5): Undefined index: task
2013-12-08T22:16:45+07:00 NOTICE (5): Trying to get property of non-object
2013-12-08T22:16:45+07:00 NOTICE (5): Trying to get property of non-object
2013-12-08T22:16:45+07:00 NOTICE (5): Trying to get property of non-object
2013-12-08T22:16:45+07:00 NOTICE (5): Undefined index: task
2013-12-08T22:16:45+07:00 NOTICE (5): Trying to get property of non-object
2013-12-08T22:16:45+07:00 NOTICE (5): Trying to get property of non-object
2013-12-08T22:16:45+07:00 NOTICE (5): Trying to get property of non-object
2013-12-09T20:52:27+07:00 CRIT (2): 
2013-12-09T20:52:27+07:00 CRIT (2): Request Parameters
2013-12-09T21:26:50+07:00 NOTICE (5): Undefined index: date_create
2013-12-09T21:26:50+07:00 NOTICE (5): Undefined index: date_create
2013-12-09T21:26:57+07:00 NOTICE (5): Undefined index: date_create
2013-12-09T21:26:57+07:00 NOTICE (5): Undefined index: date_create
2013-12-09T21:27:28+07:00 NOTICE (5): Undefined index: date_create
2013-12-09T21:27:28+07:00 NOTICE (5): Undefined index: date_create
2013-12-09T21:27:36+07:00 NOTICE (5): Undefined index: date_create
2013-12-09T21:27:36+07:00 NOTICE (5): Undefined index: date_create
2013-12-09T21:46:47+07:00 NOTICE (5): Undefined index: is_allow
2013-12-09T22:05:35+07:00 CRIT (2): 
2013-12-09T22:05:35+07:00 CRIT (2): Request Parameters
2013-12-09T22:06:25+07:00 CRIT (2): 
2013-12-09T22:06:25+07:00 CRIT (2): Request Parameters
2013-12-11T20:05:59+07:00 CRIT (2): 
2013-12-11T20:05:59+07:00 CRIT (2): Request Parameters
2013-12-11T20:07:38+07:00 NOTICE (5): Undefined index: organizationList
2013-12-11T20:07:38+07:00 NOTICE (5): Trying to get property of non-object
2013-12-11T20:10:02+07:00 NOTICE (5): Undefined index: organizationList
2013-12-11T20:10:02+07:00 NOTICE (5): Trying to get property of non-object
2013-12-11T20:57:37+07:00 ERR (3): Argument 1 passed to TM_Organization_Organization::setUser() must be an instance of TM_User_User, null given, called in C:\www\tm\application\models\TM\Organization\Organization.php on line 326 and defined
2013-12-14T21:02:22+07:00 NOTICE (5): Undefined index: organization
2013-12-14T21:02:22+07:00 NOTICE (5): Trying to get property of non-object
2013-12-14T21:02:22+07:00 NOTICE (5): Trying to get property of non-object
2013-12-14T21:05:39+07:00 NOTICE (5): Undefined index: organization
2013-12-14T21:05:39+07:00 NOTICE (5): Trying to get property of non-object
2013-12-14T21:05:39+07:00 NOTICE (5): Trying to get property of non-object
2014-01-12T19:34:36+07:00 CRIT (2): 
2014-01-12T19:34:36+07:00 CRIT (2): Request Parameters
2014-01-12T19:36:51+07:00 ERR (3): Argument 1 passed to TM_Document_Document::setUser() must be an instance of TM_User_User, boolean given, called in C:\www\tm\application\models\TM\Document\Document.php on line 747 and defined
2014-01-12T19:43:56+07:00 CRIT (2): 
2014-01-12T19:43:56+07:00 CRIT (2): Request Parameters
2014-01-12T20:13:02+07:00 CRIT (2): 
2014-01-12T20:13:02+07:00 CRIT (2): Request Parameters
